## Intro:

Core Objectives
1. Paw Ownership and Purchase:
Users can purchase digital assets called "Paws" by paying a specified price in Ether.
Each Paw has a unique ID and a set price, which is managed by the contract.
Ownership of Paws is transferred to the buyer upon purchase, and the seller receives the payment.
2. Reward Distribution:
Rewards are distributed to users based on the number of Paws they own and the duration of ownership.
The contract manages the staking and reward distribution process internally, without requiring users to stake tokens themselves.
Rewards are calculated based on a reward rate, which is updated periodically when rewards are harvested.
3. Time-Limited Rewards:
Rewards are only distributed for a limited time (e.g., 7 days) after a Paw is purchased.
After this period, the Paw is considered "expired" for reward purposes, and the user no longer earns rewards from it.
The contract automatically updates and clears expired stakes to ensure accurate reward distribution.
4. Reward Harvesting and Claiming:
The contract periodically harvests rewards from a rewards vault, which are then distributed to eligible Paw owners.
Users can claim their accumulated rewards, which are transferred to them in Ether.
The contract ensures that the latest rewards are harvested before users claim their rewards.
5. Internal Management:
The contract uses mappings to track Paw ownership, prices, user balances, and reward entitlements.
It includes mechanisms to update reward calculations and handle expired stakes automatically.
The contract interacts with a mock rewards vault and a mock BGT token for testing purposes.
Key Differences from Traditional Staking
No Direct User Staking: Unlike traditional staking contracts where users stake tokens themselves, OnlyPaws handles the staking process internally. Users simply purchase Paws, and the contract manages the staking and reward distribution.
Time-Limited Rewards: Rewards are only available for a limited time after a Paw is purchased. This requires the contract to track the purchase time and automatically clear expired stakes.
Administered by Contract: The contract administers the entire process, from Paw purchase to reward distribution, without requiring user intervention beyond the initial purchase and reward claiming.
Reward Rate Management: The reward rate is dynamically updated based on the total supply of Paws and the time elapsed since the last update. This ensures a fair distribution of rewards based on current participation.
Technical Components
Mappings: Used to track Paw ownership (pawOwners), prices (pawPrices), user balances (balanceOf), and reward entitlements (rewards).
Modifiers: updateReward ensures that reward calculations are up-to-date whenever a user interacts with the contract.
Functions:
purchasePaw: Allows users to buy Paws and updates ownership and balances.
claimRewards: Enables users to claim their accumulated rewards.
harvestRewards: Harvests rewards from the vault and updates the reward rate.
updateExpiredStakes: Clears expired stakes to maintain accurate reward distribution.
Events: Emit logs for key actions like Paw purchases, reward distributions, and reward claims.

Log: OnlyPaws Contract Development and Testing

1. Initial Problem:
   - Division by zero errors in the OnlyPaws contract
   - BERA transfer failures in test cases

2. Contract Changes (OnlyPaws.sol):
   - Updated purchasePaw function to handle initial reward rate setting
   - Modified _updateRewardRate function to handle reward distribution
   - Added checks for totalStaked and rewardRate in _earned function
   - Changed seller to payable address in purchasePaw function

3. Test Changes (OnlyPaws.t.sol):
   - Added receive() function to allow test contract to accept ETH
   - Updated setUp function to fund the test contract with initial balance
   - Modified MockRewardsVault to return a constant non-zero reward
   - Added initial reward distribution in setUp function

4. Remaining Issues:
   - BERA transfer still failing in test cases
   - Possible issue with test contract not being able to receive ETH

5. Next Steps:
   - Debug BERA transfer failure in purchasePaw function
   - Verify that test contract can properly receive and handle ETH
   - Ensure proper mocking of BGT and BERA tokens in test environment

6. Key Learnings:
   - Importance of handling division by zero cases in reward calculations
   - Necessity of proper ETH handling in both contract and test environments
   - Complexity of reward distribution systems and the need for thorough testing

7. Open Questions:
   - Why is the BERA transfer still failing despite changes?
   - Is there an issue with how the test contract is set up to receive ETH?
   - Are there any discrepancies between the contract's expected behavior and the test setup?

8. Major Contract Revisions (OnlyPaws.sol):
   - Implemented rewardPerToken and lastTimeRewardApplicable functions
   - Added rewardPerTokenStored and userRewardPerTokenPaid mappings
   - Updated the reward distribution mechanism to align with StakingRewards contract
   - Modified claimRewards to call harvestRewards before distributing rewards
   - Replaced totalStaked with totalSupply for accurate reward calculations
   - Implemented updateReward modifier for consistent reward updates

9. Test Updates (OnlyPaws.t.sol):
   - Updated setUp function to call harvestRewards after adding paw images
   - Modified testRewardDistribution and testRewardDistributionOverTime to call harvestRewards at appropriate intervals
   - Adjusted reward calculations in tests to reflect new distribution mechanism

10. Key Changes:
    - Rewards are now calculated based on the time since last update and the current total supply
    - Harvesting rewards updates the global reward rate and finish time
    - Claiming rewards now ensures the latest rewards are harvested before distribution

11. Next Steps:
    - Verify that the new reward distribution mechanism works as expected
    - Ensure that expired stakes (past 7 days) no longer affect future rewards
    - Fine-tune the tests to cover edge cases in the new reward system

This round focused on aligning the OnlyPaws contract more closely with the StakingRewards contract, implementing a more accurate and fair reward distribution system, and updating the tests to reflect these changes.